<?xml version="1.0" encoding="UTF-8"?>
<coverage generated="1680343383062" clover="3.2.0">
  <project timestamp="1680343383063" name="All files">
    <metrics statements="9" coveredstatements="4" conditionals="0" coveredconditionals="0" methods="3" coveredmethods="1" elements="12" coveredelements="5" complexity="0" loc="9" ncloc="9" packages="1" files="1" classes="1"/>
    <file name="utils.ts" path="/Users/soso/others/test-deployments/src/utils.ts">
      <metrics statements="9" coveredstatements="4" conditionals="0" coveredconditionals="0" methods="3" coveredmethods="1"/>
      <line num="1" count="1" type="stmt"/>
      <line num="2" count="0" type="stmt"/>
      <line num="3" count="0" type="stmt"/>
      <line num="6" count="1" type="stmt"/>
      <line num="7" count="1" type="stmt"/>
      <line num="10" count="1" type="stmt"/>
      <line num="11" count="0" type="stmt"/>
      <line num="12" count="0" type="stmt"/>
      <line num="13" count="0" type="stmt"/>
    </file>
  </project>
</coverage>
